D:\FILEVIEW\FILEVIEW\THIRD\DUILIB\DEBUG\UIBASE.OBJ
D:\FILEVIEW\FILEVIEW\THIRD\DUILIB\DEBUG\UICONTAINER.OBJ
D:\FILEVIEW\FILEVIEW\THIRD\DUILIB\DEBUG\UICONTROL.OBJ
D:\FILEVIEW\FILEVIEW\THIRD\DUILIB\DEBUG\UIDLGBUILDER.OBJ
D:\FILEVIEW\FILEVIEW\THIRD\DUILIB\DEBUG\UIMANAGER.OBJ
D:\FILEVIEW\FILEVIEW\THIRD\DUILIB\DEBUG\UIMARKUP.OBJ
D:\FILEVIEW\FILEVIEW\THIRD\DUILIB\DEBUG\UIRENDER.OBJ
D:\FILEVIEW\FILEVIEW\THIRD\DUILIB\DEBUG\UIANIMATIONTABLAYOUT.OBJ
D:\FILEVIEW\FILEVIEW\THIRD\DUILIB\DEBUG\UICHILDLAYOUT.OBJ
D:\FILEVIEW\FILEVIEW\THIRD\DUILIB\DEBUG\UIHORIZONTALLAYOUT.OBJ
D:\FILEVIEW\FILEVIEW\THIRD\DUILIB\DEBUG\UITABLAYOUT.OBJ
D:\FILEVIEW\FILEVIEW\THIRD\DUILIB\DEBUG\UITILELAYOUT.OBJ
D:\FILEVIEW\FILEVIEW\THIRD\DUILIB\DEBUG\UIVERTICALLAYOUT.OBJ
D:\FILEVIEW\FILEVIEW\THIRD\DUILIB\DEBUG\STDAFX.OBJ
D:\FILEVIEW\FILEVIEW\THIRD\DUILIB\DEBUG\UILIB.OBJ
D:\FILEVIEW\FILEVIEW\THIRD\DUILIB\DEBUG\UIDELEGATE.OBJ
D:\FILEVIEW\FILEVIEW\THIRD\DUILIB\DEBUG\UISHADOW.OBJ
D:\FILEVIEW\FILEVIEW\THIRD\DUILIB\DEBUG\UTILS.OBJ
D:\FILEVIEW\FILEVIEW\THIRD\DUILIB\DEBUG\WINIMPLBASE.OBJ
D:\FILEVIEW\FILEVIEW\THIRD\DUILIB\DEBUG\XUNZIP.OBJ
D:\FILEVIEW\FILEVIEW\THIRD\DUILIB\DEBUG\UIBUTTON.OBJ
D:\FILEVIEW\FILEVIEW\THIRD\DUILIB\DEBUG\UICHECKBOX.OBJ
D:\FILEVIEW\FILEVIEW\THIRD\DUILIB\DEBUG\UICOMBO.OBJ
D:\FILEVIEW\FILEVIEW\THIRD\DUILIB\DEBUG\UICOMBOBOX.OBJ
D:\FILEVIEW\FILEVIEW\THIRD\DUILIB\DEBUG\UIDATETIME.OBJ
D:\FILEVIEW\FILEVIEW\THIRD\DUILIB\DEBUG\UIEDIT.OBJ
D:\FILEVIEW\FILEVIEW\THIRD\DUILIB\DEBUG\UIFLASH.OBJ
D:\FILEVIEW\FILEVIEW\THIRD\DUILIB\DEBUG\UIGIFANIM.OBJ
D:\FILEVIEW\FILEVIEW\THIRD\DUILIB\DEBUG\UILABEL.OBJ
D:\FILEVIEW\FILEVIEW\THIRD\DUILIB\DEBUG\UILIST.OBJ
D:\FILEVIEW\FILEVIEW\THIRD\DUILIB\DEBUG\UIMENU.OBJ
D:\FILEVIEW\FILEVIEW\THIRD\DUILIB\DEBUG\UIOPTION.OBJ
D:\FILEVIEW\FILEVIEW\THIRD\DUILIB\DEBUG\UIPAGE.OBJ
D:\FILEVIEW\FILEVIEW\THIRD\DUILIB\DEBUG\UIPROGRESS.OBJ
D:\FILEVIEW\FILEVIEW\THIRD\DUILIB\DEBUG\UIRICHEDIT.OBJ
D:\FILEVIEW\FILEVIEW\THIRD\DUILIB\DEBUG\UISCROLLBAR.OBJ
D:\FILEVIEW\FILEVIEW\THIRD\DUILIB\DEBUG\UISLIDER.OBJ
D:\FILEVIEW\FILEVIEW\THIRD\DUILIB\DEBUG\UITEXT.OBJ
D:\FILEVIEW\FILEVIEW\THIRD\DUILIB\DEBUG\UITREEVIEW.OBJ
D:\FILEVIEW\FILEVIEW\THIRD\DUILIB\DEBUG\UIWEBBROWSER.OBJ
D:\FILEVIEW\FILEVIEW\THIRD\DUILIB\DEBUG\UIACTIVEX.OBJ
D:\FILEVIEW\FILEVIEW\THIRD\DUILIB\DEBUG\UIANIMATION.OBJ
D:\FILEVIEW\FILEVIEW\THIRD\DUILIB\DEBUG\VC110.PDB
D:\FILEVIEW\FILEVIEW\THIRD\DUILIB\DEBUG\STB_IMAGE.OBJ
D:\FILEVIEW\FILEVIEW\DEBUG\DUILIB.LIB
E:\FileView\third\duilib\Debug\stb_image.obj
E:\FileView\third\duilib\Debug\StdAfx.obj
E:\FileView\third\duilib\Debug\UIActiveX.obj
E:\FileView\third\duilib\Debug\UIAnimation.obj
E:\FileView\third\duilib\Debug\UIAnimationTabLayout.obj
E:\FileView\third\duilib\Debug\UIBase.obj
E:\FileView\third\duilib\Debug\UIButton.obj
E:\FileView\third\duilib\Debug\UICheckBox.obj
E:\FileView\third\duilib\Debug\UIChildLayout.obj
E:\FileView\third\duilib\Debug\UICombo.obj
E:\FileView\third\duilib\Debug\UIComboBox.obj
E:\FileView\third\duilib\Debug\UIContainer.obj
E:\FileView\third\duilib\Debug\UIControl.obj
E:\FileView\third\duilib\Debug\UIDateTime.obj
E:\FileView\third\duilib\Debug\UIDelegate.obj
E:\FileView\third\duilib\Debug\UIDlgBuilder.obj
E:\FileView\third\duilib\Debug\UIEdit.obj
E:\FileView\third\duilib\Debug\UIFlash.obj
E:\FileView\third\duilib\Debug\UIGifAnim.obj
E:\FileView\third\duilib\Debug\UIHorizontalLayout.obj
E:\FileView\third\duilib\Debug\UILabel.obj
E:\FileView\third\duilib\Debug\UIlib.obj
E:\FileView\third\duilib\Debug\UIList.obj
E:\FileView\third\duilib\Debug\UIManager.obj
E:\FileView\third\duilib\Debug\UIMarkup.obj
E:\FileView\third\duilib\Debug\UIMenu.obj
E:\FileView\third\duilib\Debug\UIOption.obj
E:\FileView\third\duilib\Debug\UIPage.obj
E:\FileView\third\duilib\Debug\UIProgress.obj
E:\FileView\third\duilib\Debug\UIRender.obj
E:\FileView\third\duilib\Debug\UIRichEdit.obj
E:\FileView\third\duilib\Debug\UIScrollBar.obj
E:\FileView\third\duilib\Debug\UIShadow.obj
E:\FileView\third\duilib\Debug\UISlider.obj
E:\FileView\third\duilib\Debug\UITabLayout.obj
E:\FileView\third\duilib\Debug\UIText.obj
E:\FileView\third\duilib\Debug\UITileLayout.obj
E:\FileView\third\duilib\Debug\UITreeView.obj
E:\FileView\third\duilib\Debug\UIVerticalLayout.obj
E:\FileView\third\duilib\Debug\UIWebBrowser.obj
E:\FileView\third\duilib\Debug\Utils.obj
E:\FileView\third\duilib\Debug\WinImplBase.obj
E:\FileView\third\duilib\Debug\XUnzip.obj
E:\FileView\third\duilib\Debug\cl.command.1.tlog
E:\FileView\third\duilib\Debug\CL.read.1.tlog
E:\FileView\third\duilib\Debug\CL.write.1.tlog
E:\FileView\third\duilib\Debug\Lib-link.read.1.tlog
E:\FileView\third\duilib\Debug\Lib-link.write.1.tlog
E:\FileView\third\duilib\Debug\lib.command.1.tlog
E:\FileView\third\duilib\Debug\vc110.idb
E:\FileView\third\duilib\Debug\vc110.pdb
